<?xml version="1.0" encoding="UTF-8"?>
<!-- Generated by org.testng.reporters.JUnitReportReporter -->
<testsuite skipped="0" hostname="anjur-win8" name="com.crm.qa.testcases.LoginPageTest" tests="3" failures="0" timestamp="04 Sep 2018 07:19:10 GMT" time="56.341" errors="0">
  <testcase name="loginPageTitleTest" time="21.794" classname="com.crm.qa.testcases.LoginPageTest"/>
  <testcase name="crmLogoImageTest" time="13.990" classname="com.crm.qa.testcases.LoginPageTest"/>
  <testcase name="loginTest" time="20.557" classname="com.crm.qa.testcases.LoginPageTest"/>
</testsuite> <!-- com.crm.qa.testcases.LoginPageTest -->
