<?xml version="1.0" encoding="UTF-8"?>
<!-- Generated by org.testng.reporters.JUnitReportReporter -->
<testsuite skipped="0" hostname="anjur-win8" name="com.crm.qa.testcases.LoginPageTest" tests="1" failures="0" timestamp="03 Sep 2018 05:25:19 GMT" time="15.008" errors="0">
  <testcase name="loginPageTitleTest" time="15.008" classname="com.crm.qa.testcases.LoginPageTest"/>
</testsuite> <!-- com.crm.qa.testcases.LoginPageTest -->
